[debug] [2021-06-21T20:46:42.792Z] ----------------------------------------------------------------------
[debug] [2021-06-21T20:46:42.794Z] Command:       /usr/local/bin/firebase /Users/robertranalli/.cache/firebase/tools/lib/node_modules/firebase-tools/lib/bin/firebase init hosting:github
[debug] [2021-06-21T20:46:42.794Z] CLI Version:   9.13.1
[debug] [2021-06-21T20:46:42.794Z] Platform:      darwin
[debug] [2021-06-21T20:46:42.794Z] Node Version:  v12.18.1
[debug] [2021-06-21T20:46:42.798Z] Time:          Mon Jun 21 2021 14:46:42 GMT-0600 (Mountain Daylight Time)
[debug] [2021-06-21T20:46:42.798Z] ----------------------------------------------------------------------
[debug] 
[debug] [2021-06-21T20:46:42.804Z] > command requires scopes: ["email","openid","https://www.googleapis.com/auth/cloudplatformprojects.readonly","https://www.googleapis.com/auth/firebase","https://www.googleapis.com/auth/cloud-platform"]
[debug] [2021-06-21T20:46:42.804Z] > authorizing via signed-in user (robertranalli99@gmail.com)
[info] 
     ######## #### ########  ######## ########     ###     ######  ########
     ##        ##  ##     ## ##       ##     ##  ##   ##  ##       ##
     ######    ##  ########  ######   ########  #########  ######  ######
     ##        ##  ##    ##  ##       ##     ## ##     ##       ## ##
     ##       #### ##     ## ######## ########  ##     ##  ######  ########

You're about to initialize a Firebase project in this directory:

  /Users/robertranalli/Desktop/HeadStart

Before we get started, keep in mind:

  * You are initializing within an existing Firebase project directory

[info] 
=== Project Setup
[info] 
[info] First, let's associate this project directory with a Firebase project.
[info] You can create multiple project aliases by running firebase use --add, 
[info] but for now we'll just set up a default project.
[info] 
[info] i  .firebaserc already has a default project, using fir-weblearn-891fd. 
[debug] [2021-06-21T20:46:42.810Z] > refreshing access token with scopes: []
[debug] [2021-06-21T20:46:42.810Z] >>> HTTP REQUEST POST https://www.googleapis.com/oauth2/v3/token  
 <request body omitted>
[debug] [2021-06-21T20:46:43.115Z] <<< HTTP RESPONSE 200 {"pragma":"no-cache","cache-control":"no-cache, no-store, max-age=0, must-revalidate","expires":"Mon, 01 Jan 1990 00:00:00 GMT","date":"Mon, 21 Jun 2021 20:46:43 GMT","content-type":"application/json; charset=utf-8","vary":"X-Origin, Referer, Origin,Accept-Encoding","server":"scaffolding on HTTPServer2","x-xss-protection":"0","x-frame-options":"SAMEORIGIN","x-content-type-options":"nosniff","alt-svc":"h3=\":443\"; ma=2592000,h3-29=\":443\"; ma=2592000,h3-T051=\":443\"; ma=2592000,h3-Q050=\":443\"; ma=2592000,h3-Q046=\":443\"; ma=2592000,h3-Q043=\":443\"; ma=2592000,quic=\":443\"; ma=2592000; v=\"46,43\"","accept-ranges":"none","transfer-encoding":"chunked"}
[debug] [2021-06-21T20:46:43.165Z] >>> [apiv2][query] GET https://firebase.googleapis.com/v1beta1/projects/fir-weblearn-891fd [none]
[debug] [2021-06-21T20:46:43.538Z] <<< [apiv2][status] GET https://firebase.googleapis.com/v1beta1/projects/fir-weblearn-891fd 200
[debug] [2021-06-21T20:46:43.539Z] <<< [apiv2][body] GET https://firebase.googleapis.com/v1beta1/projects/fir-weblearn-891fd {"projectId":"fir-weblearn-891fd","projectNumber":"681275011821","displayName":"FirebaseWebLearn","name":"projects/fir-weblearn-891fd","resources":{"hostingSite":"fir-weblearn-891fd"},"state":"ACTIVE"}
[info] 
=== Hosting:github Setup
[info] 
[info] i  Didn't detect a .git folder. Assuming /Users/robertranalli/Desktop/HeadStart is the project root. 
[info] i  Authorizing with GitHub to upload your service account to a GitHub repository's secrets store. 
[info] 
[info] Visit this URL on this device to log in:
[info] https://github.com/login/oauth/authorize?client_id=89cf50f02ac6aaed3484&state=334051849&redirect_uri=http%3A%2F%2Flocalhost%3A9005&scope=read%3Auser%20repo%20public_repo
[info] 
[info] Waiting for authentication...
[debug] [2021-06-21T20:47:20.283Z] >>> HTTP REQUEST POST https://github.com/login/oauth/access_token  
 {"client_id":"89cf50f02ac6aaed3484","client_secret":"3330d14abc895d9a74d5f17cd7a00711fa2c5bf0","code":"ab1a9b717998413a3902","redirect_uri":"http://localhost:9005","state":"334051849"}
[debug] [2021-06-21T20:47:20.659Z] <<< HTTP RESPONSE 200 {"server":"GitHub.com","date":"Mon, 21 Jun 2021 20:47:20 GMT","content-type":"application/json; charset=utf-8","transfer-encoding":"chunked","vary":"X-PJAX, Accept-Encoding, Accept, X-Requested-With","permissions-policy":"interest-cohort=()","etag":"W/\"7e2720397a255cd7a0cc5aa63951be7c\"","cache-control":"max-age=0, private, must-revalidate","strict-transport-security":"max-age=31536000; includeSubdomains; preload","x-frame-options":"deny","x-content-type-options":"nosniff","x-xss-protection":"0","referrer-policy":"origin-when-cross-origin, strict-origin-when-cross-origin","expect-ct":"max-age=2592000, report-uri=\"https://api.github.com/_private/browser/errors\"","content-security-policy":"default-src 'none'; base-uri 'self'; block-all-mixed-content; connect-src 'self' uploads.github.com www.githubstatus.com collector.githubapp.com api.github.com github-cloud.s3.amazonaws.com github-production-repository-file-5c1aeb.s3.amazonaws.com github-production-upload-manifest-file-7fdce7.s3.amazonaws.com github-production-user-asset-6210df.s3.amazonaws.com cdn.optimizely.com logx.optimizely.com/v1/events translator.github.com wss://alive.github.com; font-src github.githubassets.com; form-action 'self' github.com gist.github.com; frame-ancestors 'none'; frame-src render.githubusercontent.com; img-src 'self' data: github.githubassets.com identicons.github.com collector.githubapp.com github-cloud.s3.amazonaws.com secured-user-images.githubusercontent.com/ *.githubusercontent.com; manifest-src 'self'; media-src 'none'; script-src github.githubassets.com; style-src 'unsafe-inline' github.githubassets.com; worker-src github.com/socket-worker-3f088aa2.js gist.github.com/socket-worker-3f088aa2.js","x-github-request-id":"CF07:6156:40FCE8:5CDDEA:60D0FAD8"}
[debug] [2021-06-21T20:47:20.666Z] >>> [apiv2][query] GET https://api.github.com/user [none]
[debug] [2021-06-21T20:47:21.043Z] <<< [apiv2][status] GET https://api.github.com/user 200
[debug] [2021-06-21T20:47:21.043Z] <<< [apiv2][body] GET https://api.github.com/user {"login":"bobranalli","id":78705112,"node_id":"MDQ6VXNlcjc4NzA1MTEy","avatar_url":"https://avatars.githubusercontent.com/u/78705112?v=4","gravatar_id":"","url":"https://api.github.com/users/bobranalli","html_url":"https://github.com/bobranalli","followers_url":"https://api.github.com/users/bobranalli/followers","following_url":"https://api.github.com/users/bobranalli/following{/other_user}","gists_url":"https://api.github.com/users/bobranalli/gists{/gist_id}","starred_url":"https://api.github.com/users/bobranalli/starred{/owner}{/repo}","subscriptions_url":"https://api.github.com/users/bobranalli/subscriptions","organizations_url":"https://api.github.com/users/bobranalli/orgs","repos_url":"https://api.github.com/users/bobranalli/repos","events_url":"https://api.github.com/users/bobranalli/events{/privacy}","received_events_url":"https://api.github.com/users/bobranalli/received_events","type":"User","site_admin":false,"name":null,"company":null,"blog":"","location":null,"email":null,"hireable":null,"bio":null,"twitter_username":null,"public_repos":14,"public_gists":0,"followers":1,"following":0,"created_at":"2021-02-07T21:18:30Z","updated_at":"2021-06-21T20:47:19Z","private_gists":0,"total_private_repos":0,"owned_private_repos":0,"disk_usage":81314,"collaborators":0,"two_factor_authentication":false,"plan":{"name":"free","space":976562499,"collaborators":0,"private_repos":10000}}
[info] 
[info] ✔  Success! Logged into GitHub as bobranalli 
[info] 
